<?xml version="1.0" encoding="UTF-8"?>
<testng-results skipped="0" failed="0" ignored="0" total="1" passed="1">
  <reporter-output>
  </reporter-output>
  <suite name="Suite" duration-ms="568" started-at="2017-11-15T10:01:37Z" finished-at="2017-11-15T10:01:38Z">
    <groups>
      <group name="cucumber">
        <method signature="AbstractTestNGCucumberTests.feature(cucumber.api.testng.CucumberFeatureWrapper)[pri:0, instance:runner.Runcukes@78c730]" name="feature" class="cucumber.api.testng.AbstractTestNGCucumberTests"/>
      </group> <!-- cucumber -->
    </groups>
    <test name="Test" duration-ms="568" started-at="2017-11-15T10:01:37Z" finished-at="2017-11-15T10:01:38Z">
      <class name="runner.Runcukes">
        <test-method status="PASS" signature="setUpClass()[pri:0, instance:runner.Runcukes@78c730]" name="setUpClass" is-config="true" duration-ms="287" started-at="2017-11-15T15:31:37Z" finished-at="2017-11-15T15:31:38Z">
          <reporter-output>
          </reporter-output>
        </test-method> <!-- setUpClass -->
        <test-method status="PASS" signature="feature(cucumber.api.testng.CucumberFeatureWrapper)[pri:0, instance:runner.Runcukes@78c730]" name="feature" duration-ms="159" started-at="2017-11-15T15:31:38Z" description="Runs Cucumber Feature" data-provider="features" finished-at="2017-11-15T15:31:38Z">
          <params>
            <param index="0">
              <value>
                <![CDATA[Login]]>
              </value>
            </param>
          </params>
          <reporter-output>
          </reporter-output>
        </test-method> <!-- feature -->
        <test-method status="PASS" signature="tearDownClass()[pri:0, instance:runner.Runcukes@78c730]" name="tearDownClass" is-config="true" duration-ms="5" started-at="2017-11-15T15:31:38Z" finished-at="2017-11-15T15:31:38Z">
          <reporter-output>
          </reporter-output>
        </test-method> <!-- tearDownClass -->
      </class> <!-- runner.Runcukes -->
    </test> <!-- Test -->
  </suite> <!-- Suite -->
</testng-results>
